# JRE version: OpenJDK Runtime Environment Microsoft-11369938 (21.0.7+6) (build 21.0.7+6-LTS)
# Java VM: OpenJDK 64-Bit Server VM Microsoft-11369938 (21.0.7+6-LTS, mixed mode, sharing, tiered, compressed oops, compressed class ptrs, g1 gc, bsd-amd64)
Heap:
 garbage-first heap   total 245760K, used 116609K [0x0000000700000000, 0x0000000800000000)
  region size 2048K, 24 young (49152K), 4 survivors (8192K)
 Metaspace       used 28054K, committed 28544K, reserved 1114112K
  class space    used 3728K, committed 3968K, reserved 1048576K
GC Heap History (10 events):
Event: 0.300 GC heap before
{Heap before GC invocations=0 (full 0):
 garbage-first heap   total 264192K, used 21536K [0x0000000700000000, 0x0000000800000000)
  region size 2048K, 11 young (22528K), 0 survivors (0K)
 Metaspace       used 1123K, committed 1344K, reserved 1114112K
  class space    used 78K, committed 192K, reserved 1048576K
}
Event: 0.303 GC heap after
{Heap after GC invocations=1 (full 0):
 garbage-first heap   total 264192K, used 8679K [0x0000000700000000, 0x0000000800000000)
  region size 2048K, 2 young (4096K), 2 survivors (4096K)
 Metaspace       used 1123K, committed 1344K, reserved 1114112K
  class space    used 78K, committed 192K, reserved 1048576K
}
Event: 0.495 GC heap before
{Heap before GC invocations=1 (full 0):
 garbage-first heap   total 264192K, used 41447K [0x0000000700000000, 0x0000000800000000)
  region size 2048K, 18 young (36864K), 2 survivors (4096K)
 Metaspace       used 1484K, committed 1664K, reserved 1114112K
  class space    used 102K, committed 192K, reserved 1048576K
}
Event: 0.508 GC heap after
{Heap after GC invocations=2 (full 0):
 garbage-first heap   total 264192K, used 43866K [0x0000000700000000, 0x0000000800000000)
  region size 2048K, 3 young (6144K), 3 survivors (6144K)
 Metaspace       used 1484K, committed 1664K, reserved 1114112K
  class space    used 102K, committed 192K, reserved 1048576K
}
Event: 0.772 GC heap before
{Heap before GC invocations=2 (full 0):
 garbage-first heap   total 264192K, used 68442K [0x0000000700000000, 0x0000000800000000)
  region size 2048K, 16 young (32768K), 3 survivors (6144K)
 Metaspace       used 5832K, committed 6016K, reserved 1114112K
  class space    used 620K, committed 704K, reserved 1048576K
}
Event: 0.781 GC heap after
{Heap after GC invocations=3 (full 0):
 garbage-first heap   total 264192K, used 62436K [0x0000000700000000, 0x0000000800000000)
  region size 2048K, 2 young (4096K), 2 survivors (4096K)
 Metaspace       used 5832K, committed 6016K, reserved 1114112K
  class space    used 620K, committed 704K, reserved 1048576K
}
Event: 7.887 GC heap before
{Heap before GC invocations=3 (full 0):
 garbage-first heap   total 264192K, used 91108K [0x0000000700000000, 0x0000000800000000)
  region size 2048K, 17 young (34816K), 2 survivors (4096K)
 Metaspace       used 19178K, committed 19520K, reserved 1114112K
  class space    used 2205K, committed 2368K, reserved 1048576K
}
Event: 7.890 GC heap after
{Heap after GC invocations=4 (full 0):
 garbage-first heap   total 264192K, used 67027K [0x0000000700000000, 0x0000000800000000)
  region size 2048K, 3 young (6144K), 3 survivors (6144K)
 Metaspace       used 19178K, committed 19520K, reserved 1114112K
  class space    used 2205K, committed 2368K, reserved 1048576K
}
Event: 8.000 GC heap before
{Heap before GC invocations=4 (full 0):
 garbage-first heap   total 264192K, used 77267K [0x0000000700000000, 0x0000000800000000)
  region size 2048K, 9 young (18432K), 3 survivors (6144K)
 Metaspace       used 21034K, committed 21504K, reserved 1114112K
  class space    used 2520K, committed 2752K, reserved 1048576K
}
Event: 8.003 GC heap after
{Heap after GC invocations=5 (full 0):
 garbage-first heap   total 264192K, used 69505K [0x0000000700000000, 0x0000000800000000)
  region size 2048K, 4 young (8192K), 4 survivors (8192K)
 Metaspace       used 21034K, committed 21504K, reserved 1114112K
  class space    used 2520K, committed 2752K, reserved 1048576K
}

