# JRE version: Java(TM) SE Runtime Environment (21.0.2+13) (build 21.0.2+13-LTS-58)
# Java VM: Java HotSpot(TM) 64-Bit Server VM (21.0.2+13-LTS-58, mixed mode, sharing, tiered, compressed oops, compressed class ptrs, g1 gc, bsd-aarch64)
Heap:
 garbage-first heap   total 258048K, used 195842K [0x0000000780000000, 0x0000000800000000)
  region size 1024K, 37 young (37888K), 2 survivors (2048K)
 Metaspace       used 26955K, committed 27328K, reserved 1114112K
  class space    used 3640K, committed 3776K, reserved 1048576K
GC Heap History (16 events):
Event: 0.203 GC heap before
{Heap before GC invocations=0 (full 0):
 garbage-first heap   total 133120K, used 24590K [0x0000000780000000, 0x0000000800000000)
  region size 1024K, 23 young (23552K), 0 survivors (0K)
 Metaspace       used 1152K, committed 1344K, reserved 1114112K
  class space    used 80K, committed 192K, reserved 1048576K
}
Event: 0.205 GC heap after
{Heap after GC invocations=1 (full 0):
 garbage-first heap   total 133120K, used 11430K [0x0000000780000000, 0x0000000800000000)
  region size 1024K, 3 young (3072K), 3 survivors (3072K)
 Metaspace       used 1152K, committed 1344K, reserved 1114112K
  class space    used 80K, committed 192K, reserved 1048576K
}
Event: 0.267 GC heap before
{Heap before GC invocations=1 (full 0):
 garbage-first heap   total 133120K, used 48294K [0x0000000780000000, 0x0000000800000000)
  region size 1024K, 33 young (33792K), 3 survivors (3072K)
 Metaspace       used 1244K, committed 1472K, reserved 1114112K
  class space    used 80K, committed 192K, reserved 1048576K
}
Event: 0.272 GC heap after
{Heap after GC invocations=2 (full 0):
 garbage-first heap   total 133120K, used 50190K [0x0000000780000000, 0x0000000800000000)
  region size 1024K, 5 young (5120K), 5 survivors (5120K)
 Metaspace       used 1244K, committed 1472K, reserved 1114112K
  class space    used 80K, committed 192K, reserved 1048576K
}
Event: 5.692 GC heap before
{Heap before GC invocations=2 (full 0):
 garbage-first heap   total 133120K, used 77838K [0x0000000780000000, 0x0000000800000000)
  region size 1024K, 33 young (33792K), 5 survivors (5120K)
 Metaspace       used 5978K, committed 6208K, reserved 1114112K
  class space    used 686K, committed 768K, reserved 1048576K
}
Event: 5.702 GC heap after
{Heap after GC invocations=3 (full 0):
 garbage-first heap   total 133120K, used 66311K [0x0000000780000000, 0x0000000800000000)
  region size 1024K, 5 young (5120K), 5 survivors (5120K)
 Metaspace       used 5978K, committed 6208K, reserved 1114112K
  class space    used 686K, committed 768K, reserved 1048576K
}
Event: 5.845 GC heap before
{Heap before GC invocations=3 (full 0):
 garbage-first heap   total 133120K, used 66311K [0x0000000780000000, 0x0000000800000000)
  region size 1024K, 6 young (6144K), 5 survivors (5120K)
 Metaspace       used 6337K, committed 6528K, reserved 1114112K
  class space    used 735K, committed 832K, reserved 1048576K
}
Event: 5.846 GC heap after
{Heap after GC invocations=4 (full 0):
 garbage-first heap   total 133120K, used 66354K [0x0000000780000000, 0x0000000800000000)
  region size 1024K, 1 young (1024K), 1 survivors (1024K)
 Metaspace       used 6337K, committed 6528K, reserved 1114112K
  class space    used 735K, committed 832K, reserved 1048576K
}
Event: 8.319 GC heap before
{Heap before GC invocations=5 (full 0):
 garbage-first heap   total 177152K, used 169778K [0x0000000780000000, 0x0000000800000000)
  region size 1024K, 26 young (26624K), 1 survivors (1024K)
 Metaspace       used 16824K, committed 17088K, reserved 1114112K
  class space    used 2032K, committed 2176K, reserved 1048576K
}
Event: 8.321 GC heap after
{Heap after GC invocations=6 (full 0):
 garbage-first heap   total 177152K, used 149366K [0x0000000780000000, 0x0000000800000000)
  region size 1024K, 4 young (4096K), 4 survivors (4096K)
 Metaspace       used 16824K, committed 17088K, reserved 1114112K
  class space    used 2032K, committed 2176K, reserved 1048576K
}
Event: 8.446 GC heap before
{Heap before GC invocations=6 (full 0):
 garbage-first heap   total 177152K, used 159606K [0x0000000780000000, 0x0000000800000000)
  region size 1024K, 15 young (15360K), 4 survivors (4096K)
 Metaspace       used 19229K, committed 19584K, reserved 1114112K
  class space    used 2490K, committed 2624K, reserved 1048576K
}
Event: 8.447 GC heap after
{Heap after GC invocations=7 (full 0):
 garbage-first heap   total 177152K, used 150387K [0x0000000780000000, 0x0000000800000000)
  region size 1024K, 1 young (1024K), 1 survivors (1024K)
 Metaspace       used 19229K, committed 19584K, reserved 1114112K
  class space    used 2490K, committed 2624K, reserved 1048576K
}
Event: 8.468 GC heap before
{Heap before GC invocations=7 (full 0):
 garbage-first heap   total 177152K, used 151411K [0x0000000780000000, 0x0000000800000000)
  region size 1024K, 3 young (3072K), 1 survivors (1024K)
 Metaspace       used 19610K, committed 19968K, reserved 1114112K
  class space    used 2569K, committed 2752K, reserved 1048576K
}
Event: 8.469 GC heap after
{Heap after GC invocations=8 (full 0):
 garbage-first heap   total 177152K, used 150210K [0x0000000780000000, 0x0000000800000000)
  region size 1024K, 1 young (1024K), 1 survivors (1024K)
 Metaspace       used 19610K, committed 19968K, reserved 1114112K
  class space    used 2569K, committed 2752K, reserved 1048576K
}
Event: 8.584 GC heap before
{Heap before GC invocations=9 (full 0):
 garbage-first heap   total 258048K, used 167618K [0x0000000780000000, 0x0000000800000000)
  region size 1024K, 15 young (15360K), 1 survivors (1024K)
 Metaspace       used 22211K, committed 22528K, reserved 1114112K
  class space    used 3197K, committed 3328K, reserved 1048576K
}
Event: 8.585 GC heap after
{Heap after GC invocations=10 (full 0):
 garbage-first heap   total 258048K, used 153942K [0x0000000780000000, 0x0000000800000000)
  region size 1024K, 2 young (2048K), 2 survivors (2048K)
 Metaspace       used 22211K, committed 22528K, reserved 1114112K
  class space    used 3197K, committed 3328K, reserved 1048576K
}

