# JRE version: Java(TM) SE Runtime Environment (21.0.2+13) (build 21.0.2+13-LTS-58)
# Java VM: Java HotSpot(TM) 64-Bit Server VM (21.0.2+13-LTS-58, mixed mode, sharing, tiered, compressed oops, compressed class ptrs, g1 gc, bsd-aarch64)
Heap:
 garbage-first heap   total 133120K, used 96874K [0x0000000780000000, 0x0000000800000000)
  region size 1024K, 20 young (20480K), 4 survivors (4096K)
 Metaspace       used 25403K, committed 25856K, reserved 1114112K
  class space    used 3329K, committed 3520K, reserved 1048576K
GC Heap History (18 events):
Event: 0.189 GC heap before
{Heap before GC invocations=0 (full 0):
 garbage-first heap   total 133120K, used 26638K [0x0000000780000000, 0x0000000800000000)
  region size 1024K, 23 young (23552K), 0 survivors (0K)
 Metaspace       used 1147K, committed 1344K, reserved 1114112K
  class space    used 80K, committed 192K, reserved 1048576K
}
Event: 0.191 GC heap after
{Heap after GC invocations=1 (full 0):
 garbage-first heap   total 133120K, used 14320K [0x0000000780000000, 0x0000000800000000)
  region size 1024K, 3 young (3072K), 3 survivors (3072K)
 Metaspace       used 1147K, committed 1344K, reserved 1114112K
  class space    used 80K, committed 192K, reserved 1048576K
}
Event: 0.245 GC heap before
{Heap before GC invocations=1 (full 0):
 garbage-first heap   total 133120K, used 48112K [0x0000000780000000, 0x0000000800000000)
  region size 1024K, 32 young (32768K), 3 survivors (3072K)
 Metaspace       used 1216K, committed 1408K, reserved 1114112K
  class space    used 80K, committed 192K, reserved 1048576K
}
Event: 0.249 GC heap after
{Heap after GC invocations=2 (full 0):
 garbage-first heap   total 133120K, used 49888K [0x0000000780000000, 0x0000000800000000)
  region size 1024K, 4 young (4096K), 4 survivors (4096K)
 Metaspace       used 1216K, committed 1408K, reserved 1114112K
  class space    used 80K, committed 192K, reserved 1048576K
}
Event: 5.574 GC heap before
{Heap before GC invocations=2 (full 0):
 garbage-first heap   total 133120K, used 77536K [0x0000000780000000, 0x0000000800000000)
  region size 1024K, 32 young (32768K), 4 survivors (4096K)
 Metaspace       used 6054K, committed 6208K, reserved 1114112K
  class space    used 687K, committed 768K, reserved 1048576K
}
Event: 5.579 GC heap after
{Heap after GC invocations=3 (full 0):
 garbage-first heap   total 133120K, used 65678K [0x0000000780000000, 0x0000000800000000)
  region size 1024K, 4 young (4096K), 4 survivors (4096K)
 Metaspace       used 6054K, committed 6208K, reserved 1114112K
  class space    used 687K, committed 768K, reserved 1048576K
}
Event: 5.743 GC heap before
{Heap before GC invocations=3 (full 0):
 garbage-first heap   total 133120K, used 88206K [0x0000000780000000, 0x0000000800000000)
  region size 1024K, 27 young (27648K), 4 survivors (4096K)
 Metaspace       used 12436K, committed 12736K, reserved 1114112K
  class space    used 1621K, committed 1792K, reserved 1048576K
}
Event: 5.745 GC heap after
{Heap after GC invocations=4 (full 0):
 garbage-first heap   total 133120K, used 69138K [0x0000000780000000, 0x0000000800000000)
  region size 1024K, 4 young (4096K), 4 survivors (4096K)
 Metaspace       used 12436K, committed 12736K, reserved 1114112K
  class space    used 1621K, committed 1792K, reserved 1048576K
}
Event: 10.356 GC heap before
{Heap before GC invocations=5 (full 0):
 garbage-first heap   total 133120K, used 92690K [0x0000000780000000, 0x0000000800000000)
  region size 1024K, 28 young (28672K), 4 survivors (4096K)
 Metaspace       used 19580K, committed 19904K, reserved 1114112K
  class space    used 2538K, committed 2688K, reserved 1048576K
}
Event: 10.358 GC heap after
{Heap after GC invocations=6 (full 0):
 garbage-first heap   total 133120K, used 71951K [0x0000000780000000, 0x0000000800000000)
  region size 1024K, 3 young (3072K), 3 survivors (3072K)
 Metaspace       used 19580K, committed 19904K, reserved 1114112K
  class space    used 2538K, committed 2688K, reserved 1048576K
}
Event: 11.503 GC heap before
{Heap before GC invocations=6 (full 0):
 garbage-first heap   total 133120K, used 81167K [0x0000000780000000, 0x0000000800000000)
  region size 1024K, 12 young (12288K), 3 survivors (3072K)
 Metaspace       used 21180K, committed 21504K, reserved 1114112K
  class space    used 2780K, committed 2944K, reserved 1048576K
}
Event: 11.506 GC heap after
{Heap after GC invocations=7 (full 0):
 garbage-first heap   total 133120K, used 75006K [0x0000000780000000, 0x0000000800000000)
  region size 1024K, 2 young (2048K), 2 survivors (2048K)
 Metaspace       used 21180K, committed 21504K, reserved 1114112K
  class space    used 2780K, committed 2944K, reserved 1048576K
}
Event: 12.694 GC heap before
{Heap before GC invocations=7 (full 0):
 garbage-first heap   total 133120K, used 76030K [0x0000000780000000, 0x0000000800000000)
  region size 1024K, 4 young (4096K), 2 survivors (2048K)
 Metaspace       used 21420K, committed 21824K, reserved 1114112K
  class space    used 2800K, committed 3008K, reserved 1048576K
}
Event: 12.696 GC heap after
{Heap after GC invocations=8 (full 0):
 garbage-first heap   total 133120K, used 74985K [0x0000000780000000, 0x0000000800000000)
  region size 1024K, 2 young (2048K), 2 survivors (2048K)
 Metaspace       used 21420K, committed 21824K, reserved 1114112K
  class space    used 2800K, committed 3008K, reserved 1048576K
}
Event: 19.863 GC heap before
{Heap before GC invocations=9 (full 0):
 garbage-first heap   total 133120K, used 103657K [0x0000000780000000, 0x0000000800000000)
  region size 1024K, 31 young (31744K), 2 survivors (2048K)
 Metaspace       used 23606K, committed 24064K, reserved 1114112K
  class space    used 3051K, committed 3264K, reserved 1048576K
}
Event: 19.866 GC heap after
{Heap after GC invocations=10 (full 0):
 garbage-first heap   total 133120K, used 78727K [0x0000000780000000, 0x0000000800000000)
  region size 1024K, 4 young (4096K), 4 survivors (4096K)
 Metaspace       used 23606K, committed 24064K, reserved 1114112K
  class space    used 3051K, committed 3264K, reserved 1048576K
}
Event: 25.392 GC heap before
{Heap before GC invocations=10 (full 0):
 garbage-first heap   total 133120K, used 108423K [0x0000000780000000, 0x0000000800000000)
  region size 1024K, 33 young (33792K), 4 survivors (4096K)
 Metaspace       used 24307K, committed 24704K, reserved 1114112K
  class space    used 3079K, committed 3264K, reserved 1048576K
}
Event: 25.398 GC heap after
{Heap after GC invocations=11 (full 0):
 garbage-first heap   total 133120K, used 82538K [0x0000000780000000, 0x0000000800000000)
  region size 1024K, 4 young (4096K), 4 survivors (4096K)
 Metaspace       used 24307K, committed 24704K, reserved 1114112K
  class space    used 3079K, committed 3264K, reserved 1048576K
}

