# JRE version: Java(TM) SE Runtime Environment (21.0.2+13) (build 21.0.2+13-LTS-58)
# Java VM: Java HotSpot(TM) 64-Bit Server VM (21.0.2+13-LTS-58, mixed mode, sharing, tiered, compressed oops, compressed class ptrs, g1 gc, bsd-aarch64)
Heap:
 garbage-first heap   total 187392K, used 111920K [0x0000000780000000, 0x0000000800000000)
  region size 1024K, 35 young (35840K), 5 survivors (5120K)
 Metaspace       used 28210K, committed 28672K, reserved 1114112K
  class space    used 3627K, committed 3840K, reserved 1048576K
GC Heap History (18 events):
Event: 0.188 GC heap before
{Heap before GC invocations=0 (full 0):
 garbage-first heap   total 133120K, used 26638K [0x0000000780000000, 0x0000000800000000)
  region size 1024K, 23 young (23552K), 0 survivors (0K)
 Metaspace       used 1145K, committed 1344K, reserved 1114112K
  class space    used 80K, committed 192K, reserved 1048576K
}
Event: 0.191 GC heap after
{Heap after GC invocations=1 (full 0):
 garbage-first heap   total 133120K, used 14199K [0x0000000780000000, 0x0000000800000000)
  region size 1024K, 3 young (3072K), 3 survivors (3072K)
 Metaspace       used 1145K, committed 1344K, reserved 1114112K
  class space    used 80K, committed 192K, reserved 1048576K
}
Event: 0.288 GC heap before
{Heap before GC invocations=1 (full 0):
 garbage-first heap   total 133120K, used 47991K [0x0000000780000000, 0x0000000800000000)
  region size 1024K, 32 young (32768K), 3 survivors (3072K)
 Metaspace       used 1209K, committed 1408K, reserved 1114112K
  class space    used 80K, committed 192K, reserved 1048576K
}
Event: 0.297 GC heap after
{Heap after GC invocations=2 (full 0):
 garbage-first heap   total 133120K, used 50176K [0x0000000780000000, 0x0000000800000000)
  region size 1024K, 4 young (4096K), 4 survivors (4096K)
 Metaspace       used 1209K, committed 1408K, reserved 1114112K
  class space    used 80K, committed 192K, reserved 1048576K
}
Event: 5.681 GC heap before
{Heap before GC invocations=2 (full 0):
 garbage-first heap   total 133120K, used 76800K [0x0000000780000000, 0x0000000800000000)
  region size 1024K, 31 young (31744K), 4 survivors (4096K)
 Metaspace       used 5720K, committed 5888K, reserved 1114112K
  class space    used 622K, committed 704K, reserved 1048576K
}
Event: 5.684 GC heap after
{Heap after GC invocations=3 (full 0):
 garbage-first heap   total 133120K, used 66832K [0x0000000780000000, 0x0000000800000000)
  region size 1024K, 4 young (4096K), 4 survivors (4096K)
 Metaspace       used 5720K, committed 5888K, reserved 1114112K
  class space    used 622K, committed 704K, reserved 1048576K
}
Event: 8.934 GC heap before
{Heap before GC invocations=3 (full 0):
 garbage-first heap   total 133120K, used 88336K [0x0000000780000000, 0x0000000800000000)
  region size 1024K, 26 young (26624K), 4 survivors (4096K)
 Metaspace       used 16240K, committed 16576K, reserved 1114112K
  class space    used 1955K, committed 2112K, reserved 1048576K
}
Event: 8.936 GC heap after
{Heap after GC invocations=4 (full 0):
 garbage-first heap   total 133120K, used 69527K [0x0000000780000000, 0x0000000800000000)
  region size 1024K, 3 young (3072K), 3 survivors (3072K)
 Metaspace       used 16240K, committed 16576K, reserved 1114112K
  class space    used 1955K, committed 2112K, reserved 1048576K
}
Event: 10.611 GC heap before
{Heap before GC invocations=5 (full 0):
 garbage-first heap   total 133120K, used 93079K [0x0000000780000000, 0x0000000800000000)
  region size 1024K, 27 young (27648K), 3 survivors (3072K)
 Metaspace       used 20211K, committed 20544K, reserved 1114112K
  class space    used 2525K, committed 2688K, reserved 1048576K
}
Event: 10.614 GC heap after
{Heap after GC invocations=6 (full 0):
 garbage-first heap   total 133120K, used 72825K [0x0000000780000000, 0x0000000800000000)
  region size 1024K, 4 young (4096K), 4 survivors (4096K)
 Metaspace       used 20211K, committed 20544K, reserved 1114112K
  class space    used 2525K, committed 2688K, reserved 1048576K
}
Event: 15.442 GC heap before
{Heap before GC invocations=6 (full 0):
 garbage-first heap   total 133120K, used 99449K [0x0000000780000000, 0x0000000800000000)
  region size 1024K, 29 young (29696K), 4 survivors (4096K)
 Metaspace       used 25195K, committed 25600K, reserved 1114112K
  class space    used 3444K, committed 3584K, reserved 1048576K
}
Event: 15.462 GC heap after
{Heap after GC invocations=7 (full 0):
 garbage-first heap   total 133120K, used 76722K [0x0000000780000000, 0x0000000800000000)
  region size 1024K, 2 young (2048K), 2 survivors (2048K)
 Metaspace       used 25195K, committed 25600K, reserved 1114112K
  class space    used 3444K, committed 3584K, reserved 1048576K
}
Event: 31.936 GC heap before
{Heap before GC invocations=7 (full 0):
 garbage-first heap   total 133120K, used 98226K [0x0000000780000000, 0x0000000800000000)
  region size 1024K, 25 young (25600K), 2 survivors (2048K)
 Metaspace       used 27409K, committed 27840K, reserved 1114112K
  class space    used 3600K, committed 3840K, reserved 1048576K
}
Event: 31.939 GC heap after
{Heap after GC invocations=8 (full 0):
 garbage-first heap   total 133120K, used 78912K [0x0000000780000000, 0x0000000800000000)
  region size 1024K, 4 young (4096K), 4 survivors (4096K)
 Metaspace       used 27409K, committed 27840K, reserved 1114112K
  class space    used 3600K, committed 3840K, reserved 1048576K
}
Event: 37.255 GC heap before
{Heap before GC invocations=9 (full 0):
 garbage-first heap   total 135168K, used 106560K [0x0000000780000000, 0x0000000800000000)
  region size 1024K, 31 young (31744K), 4 survivors (4096K)
 Metaspace       used 28056K, committed 28480K, reserved 1114112K
  class space    used 3617K, committed 3840K, reserved 1048576K
}
Event: 37.258 GC heap after
{Heap after GC invocations=10 (full 0):
 garbage-first heap   total 187392K, used 81482K [0x0000000780000000, 0x0000000800000000)
  region size 1024K, 4 young (4096K), 4 survivors (4096K)
 Metaspace       used 28056K, committed 28480K, reserved 1114112K
  class space    used 3617K, committed 3840K, reserved 1048576K
}
Event: 50.349 GC heap before
{Heap before GC invocations=10 (full 0):
 garbage-first heap   total 187392K, used 138826K [0x0000000780000000, 0x0000000800000000)
  region size 1024K, 60 young (61440K), 4 survivors (4096K)
 Metaspace       used 28099K, committed 28544K, reserved 1114112K
  class space    used 3617K, committed 3840K, reserved 1048576K
}
Event: 50.354 GC heap after
{Heap after GC invocations=11 (full 0):
 garbage-first heap   total 187392K, used 82224K [0x0000000780000000, 0x0000000800000000)
  region size 1024K, 5 young (5120K), 5 survivors (5120K)
 Metaspace       used 28099K, committed 28544K, reserved 1114112K
  class space    used 3617K, committed 3840K, reserved 1048576K
}

