# JRE version: Java(TM) SE Runtime Environment (21.0.2+13) (build 21.0.2+13-LTS-58)
# Java VM: Java HotSpot(TM) 64-Bit Server VM (21.0.2+13-LTS-58, mixed mode, sharing, tiered, compressed oops, compressed class ptrs, g1 gc, bsd-aarch64)
Heap:
 garbage-first heap   total 133120K, used 108270K [0x0000000780000000, 0x0000000800000000)
  region size 1024K, 48 young (49152K), 4 survivors (4096K)
 Metaspace       used 28333K, committed 28864K, reserved 1114112K
  class space    used 3782K, committed 4032K, reserved 1048576K
GC Heap History (6 events):
Event: 5.474 GC heap before
{Heap before GC invocations=0 (full 0):
 garbage-first heap   total 133120K, used 23566K [0x0000000780000000, 0x0000000800000000)
  region size 1024K, 23 young (23552K), 0 survivors (0K)
 Metaspace       used 5770K, committed 5952K, reserved 1114112K
  class space    used 665K, committed 768K, reserved 1048576K
}
Event: 5.477 GC heap after
{Heap after GC invocations=1 (full 0):
 garbage-first heap   total 133120K, used 4270K [0x0000000780000000, 0x0000000800000000)
  region size 1024K, 3 young (3072K), 3 survivors (3072K)
 Metaspace       used 5770K, committed 5952K, reserved 1114112K
  class space    used 665K, committed 768K, reserved 1048576K
}
Event: 7.324 GC heap before
{Heap before GC invocations=1 (full 0):
 garbage-first heap   total 133120K, used 86190K [0x0000000780000000, 0x0000000800000000)
  region size 1024K, 41 young (41984K), 3 survivors (3072K)
 Metaspace       used 19640K, committed 20096K, reserved 1114112K
  class space    used 2479K, committed 2688K, reserved 1048576K
}
Event: 7.330 GC heap after
{Heap after GC invocations=2 (full 0):
 garbage-first heap   total 133120K, used 54049K [0x0000000780000000, 0x0000000800000000)
  region size 1024K, 6 young (6144K), 6 survivors (6144K)
 Metaspace       used 19640K, committed 20096K, reserved 1114112K
  class space    used 2479K, committed 2688K, reserved 1048576K
}
Event: 7.368 GC heap before
{Heap before GC invocations=2 (full 0):
 garbage-first heap   total 133120K, used 60193K [0x0000000780000000, 0x0000000800000000)
  region size 1024K, 13 young (13312K), 6 survivors (6144K)
 Metaspace       used 21118K, committed 21504K, reserved 1114112K
  class space    used 2706K, committed 2880K, reserved 1048576K
}
Event: 7.370 GC heap after
{Heap after GC invocations=3 (full 0):
 garbage-first heap   total 133120K, used 54879K [0x0000000780000000, 0x0000000800000000)
  region size 1024K, 4 young (4096K), 4 survivors (4096K)
 Metaspace       used 21118K, committed 21504K, reserved 1114112K
  class space    used 2706K, committed 2880K, reserved 1048576K
}

